\BOOKMARK [1][-]{section.1}{Introduction}{}% 1
\BOOKMARK [2][-]{subsection.1.1}{Rayons cosmiques}{section.1}% 2
\BOOKMARK [2][-]{subsection.1.2}{Effet Tcherenkov}{section.1}% 3
\BOOKMARK [2][-]{subsection.1.3}{D\351tecteur Tcherenkov}{section.1}% 4
\BOOKMARK [1][-]{section.2}{Le mat\351riel exp\351rimental}{}% 5
\BOOKMARK [2][-]{subsection.2.1}{Scintillateurs}{section.2}% 6
\BOOKMARK [2][-]{subsection.2.2}{Photomultiplicateurs}{section.2}% 7
\BOOKMARK [2][-]{subsection.2.3}{Aquisition de donn\351es}{section.2}% 8
\BOOKMARK [1][-]{section.3}{Methodes d'analyse statistique}{}% 9
\BOOKMARK [2][-]{subsection.3.1}{M\351thode Monte Carlo}{section.3}% 10
\BOOKMARK [2][-]{subsection.3.2}{Adjustement}{section.3}% 11
\BOOKMARK [2][-]{subsection.3.3}{Adjustement}{section.3}% 12
\BOOKMARK [1][-]{section.4}{Dispositif: Effet Tcherenkov par des \351lectrons}{}% 13
\BOOKMARK [2][-]{subsection.4.1}{Agenda du laboratoire}{section.4}% 14
\BOOKMARK [2][-]{subsection.4.2}{Dispositif exp\351rimental}{section.4}% 15
\BOOKMARK [2][-]{subsection.4.3}{Exercices Pr\351paratoires}{section.4}% 16
\BOOKMARK [2][-]{subsection.4.4}{Prise de mesure}{section.4}% 17
\BOOKMARK [2][-]{subsection.4.5}{Analyse de donn\351es}{section.4}% 18
\BOOKMARK [1][-]{section.5}{Dispositif: Effet Tcherenkov par des muons}{}% 19
\BOOKMARK [2][-]{subsection.5.1}{Agenda du laboratoire}{section.5}% 20
\BOOKMARK [2][-]{subsection.5.2}{Dispositif exp\351rimental}{section.5}% 21
\BOOKMARK [2][-]{subsection.5.3}{Exercices Pr\351paratoires}{section.5}% 22
\BOOKMARK [2][-]{subsection.5.4}{Prise de mesure}{section.5}% 23
\BOOKMARK [2][-]{subsection.5.5}{Analyse de donn\351es}{section.5}% 24
\BOOKMARK [1][-]{section.6}{Dispositif: Temps de vie de muons}{}% 25
\BOOKMARK [1][-]{section.7}{Dispositif: L'arche cosmique}{}% 26
